<?xml version="1.0" encoding="utf-8"?><testsuites name="pytest tests"><testsuite name="pytest" errors="0" failures="0" skipped="1" tests="14" time="0.675" timestamp="2026-05-12T16:47:06.288984+00:00" hostname="agent-env-51259d6f-0938-4d89-9a10-a58841405379"><testcase classname="tests.backend_test_iter6.TestWaitlistReferralTracking" name="test_ref_src_persisted_on_initial_insert_only" time="0.049" /><testcase classname="tests.backend_test_iter6.TestWaitlistReferralTracking" name="test_waitlist_returns_200_even_with_placeholder_klaviyo" time="0.004" /><testcase classname="tests.backend_test_iter6.TestReferrerNotificationAndPriority" name="test_priority_unlocks_exactly_once_at_third_signup" time="0.029" /><testcase classname="tests.backend_test_iter6.TestWaitlistStatus" name="test_freemonth_requires_paid_and_self_active" time="0.012" /><testcase classname="tests.backend_test_iter6.TestLeaderboardRedacted" name="test_no_email_no_code_leak" time="0.003" /><testcase classname="tests.backend_test_iter6.TestAdminBroadcasts" name="test_launch_announcement_queued_equals_waitlist_count" time="0.003" /><testcase classname="tests.backend_test_iter6.TestAdminBroadcasts" name="test_launch_announcement_requires_admin_token" time="0.001" /><testcase classname="tests.backend_test_iter6.TestAdminBroadcasts" name="test_vote_opened_queued_equals_active_subs" time="0.047" /><testcase classname="tests.backend_test_iter6.TestAdminBroadcasts" name="test_vote_results_requires_winner" time="0.011" /><testcase classname="tests.backend_test_iter6.TestSubstitution" name="test_create_substitution_no_klaviyo_error" time="0.308"><skipped type="pytest.skip" message="Substitution window closed (after 10th)">/app/backend/tests/backend_test_iter6.py:403: Substitution window closed (after 10th)</skipped></testcase><testcase classname="tests.backend_test_iter6.TestGiftRedeem" name="test_redeem_pending_gift_succeeds" time="0.013" /><testcase classname="tests.backend_test_iter6.TestGiftRedeem" name="test_invalid_code_404" time="0.002" /><testcase classname="tests.backend_test_iter6.TestSubscriptionWelcomeIdempotent" name="test_orders_paid_repeat_does_not_error" time="0.033" /><testcase classname="tests.backend_test_iter6.TestShopifyAuthPlaceholder" name="test_login_503" time="0.007" /></testsuite></testsuites>