<?xml version="1.0" encoding="utf-8"?><testsuites name="pytest tests"><testsuite name="pytest" errors="0" failures="0" skipped="0" tests="16" time="5.201" timestamp="2026-05-11T15:42:12.624057+00:00" hostname="agent-env-5039d3fc-13e3-4165-8da7-f34ed675e3ee"><testcase classname="backend.tests.backend_test_iter2" name="test_register_new_user_returns_user_and_sets_cookie" time="0.590" /><testcase classname="backend.tests.backend_test_iter2" name="test_register_duplicate_email_returns_409" time="0.298" /><testcase classname="backend.tests.backend_test_iter2" name="test_register_short_password_returns_422" time="0.176" /><testcase classname="backend.tests.backend_test_iter2" name="test_login_dev_returns_role_dev" time="0.417" /><testcase classname="backend.tests.backend_test_iter2" name="test_login_wrong_password_returns_401" time="0.137" /><testcase classname="backend.tests.backend_test_iter2" name="test_me_without_cookie_returns_401" time="0.157" /><testcase classname="backend.tests.backend_test_iter2" name="test_logout_clears_cookie" time="0.512" /><testcase classname="backend.tests.backend_test_iter2" name="test_ui_mode_public_get" time="0.139" /><testcase classname="backend.tests.backend_test_iter2" name="test_ui_mode_post_unauth_returns_401" time="0.138" /><testcase classname="backend.tests.backend_test_iter2" name="test_ui_mode_post_non_dev_returns_403" time="0.460" /><testcase classname="backend.tests.backend_test_iter2" name="test_ui_mode_post_as_dev_persists_and_revert" time="0.806" /><testcase classname="backend.tests.backend_test_iter2" name="test_dev_stats_requires_dev_role" time="0.123" /><testcase classname="backend.tests.backend_test_iter2" name="test_dev_stats_as_dev_returns_counts" time="0.079" /><testcase classname="backend.tests.backend_test_iter2" name="test_votes_post_unauth_returns_401" time="0.134" /><testcase classname="backend.tests.backend_test_iter2" name="test_account_subscription_with_auth_returns_status" time="0.527" /><testcase classname="backend.tests.backend_test_iter2" name="test_account_subscription_pause_without_contract_returns_404" time="0.424" /></testsuite></testsuites>