<?xml version="1.0" encoding="utf-8"?><testsuites name="pytest tests"><testsuite name="pytest" errors="0" failures="0" skipped="0" tests="18" time="2.817" timestamp="2026-05-11T17:10:22.825403+00:00" hostname="agent-env-5039d3fc-13e3-4165-8da7-f34ed675e3ee"><testcase classname="backend.tests.backend_test_iter3.TestCheckoutPublic" name="test_quote_valid_returns_options" time="0.257" /><testcase classname="backend.tests.backend_test_iter3.TestCheckoutPublic" name="test_quote_invalid_email_returns_422" time="0.224" /><testcase classname="backend.tests.backend_test_iter3.TestCheckoutPublic" name="test_start_with_valid_quote_returns_redirect" time="0.158" /><testcase classname="backend.tests.backend_test_iter3.TestCheckoutPublic" name="test_start_with_bad_quote_id_returns_404" time="0.114" /><testcase classname="backend.tests.backend_test_iter3.TestDevOrders" name="test_list_orders_no_auth_returns_401" time="0.137" /><testcase classname="backend.tests.backend_test_iter3.TestDevOrders" name="test_list_orders_with_dev_returns_array" time="0.431" /><testcase classname="backend.tests.backend_test_iter3.TestDevOrders" name="test_order_detail_with_dev_returns_hydrated" time="0.069" /><testcase classname="backend.tests.backend_test_iter3.TestDevOrders" name="test_list_orders_with_non_dev_returns_403" time="0.439" /><testcase classname="backend.tests.backend_test_iter3.TestDevShipping" name="test_quote_with_dev_returns_rates" time="0.070" /><testcase classname="backend.tests.backend_test_iter3.TestDevShipping" name="test_buy_label_with_dev_returns_urls" time="0.069" /><testcase classname="backend.tests.backend_test_iter3.TestDevGmail" name="test_status_no_auth_returns_401" time="0.116" /><testcase classname="backend.tests.backend_test_iter3.TestDevGmail" name="test_status_as_dev_returns_disconnected" time="0.066" /><testcase classname="backend.tests.backend_test_iter3.TestDevGmail" name="test_connect_as_dev_returns_auth_url" time="0.075" /><testcase classname="backend.tests.backend_test_iter3.TestDevGmail" name="test_connect_as_non_dev_returns_403" time="0.113" /><testcase classname="backend.tests.backend_test_iter3.TestDevEmailBlast" name="test_blast_test_to_returns_placeholder" time="0.070" /><testcase classname="backend.tests.backend_test_iter3.TestDevEmailBlast" name="test_blast_waitlist_audience_returns_placeholder" time="0.208" /><testcase classname="backend.tests.backend_test_iter3.TestDevEmailBlast" name="test_blasts_history_as_dev" time="0.066" /><testcase classname="backend.tests.backend_test_iter3.TestDevEmailBlast" name="test_blast_as_non_dev_returns_403" time="0.068" /></testsuite></testsuites>