<?xml version="1.0" encoding="utf-8"?><testsuites name="pytest tests"><testsuite name="pytest" errors="0" failures="0" skipped="0" tests="14" time="1.657" timestamp="2026-05-12T15:18:58.006951+00:00" hostname="agent-env-51259d6f-0938-4d89-9a10-a58841405379"><testcase classname="backend.tests.backend_test_iter4.TestWaitlist" name="test_join_returns_referral_code" time="1.049" /><testcase classname="backend.tests.backend_test_iter4.TestWaitlist" name="test_join_without_name_returns_422" time="0.002" /><testcase classname="backend.tests.backend_test_iter4.TestWaitlist" name="test_join_with_empty_name_returns_422" time="0.001" /><testcase classname="backend.tests.backend_test_iter4.TestWaitlist" name="test_join_idempotent_same_code" time="0.005" /><testcase classname="backend.tests.backend_test_iter4.TestReferral" name="test_self_referral_not_credited" time="0.009" /><testcase classname="backend.tests.backend_test_iter4.TestReferral" name="test_referral_credit_and_priority" time="0.016" /><testcase classname="backend.tests.backend_test_iter4.TestReferral" name="test_status_bogus_code_404" time="0.002" /><testcase classname="backend.tests.backend_test_iter4.TestReferral" name="test_free_month_requires_paid_and_self_active" time="0.008" /><testcase classname="backend.tests.backend_test_iter4.TestLeaderboard" name="test_leaderboard_redacts_names_no_email_no_code" time="0.007" /><testcase classname="backend.tests.backend_test_iter4.TestLaunchMode" name="test_launch_mode_flags_false" time="0.001" /><testcase classname="backend.tests.backend_test_iter4.TestShopifyAuth" name="test_shopify_login_503" time="0.001" /><testcase classname="backend.tests.backend_test_iter4.TestSubstitutions" name="test_rotation_rule" time="0.311" /><testcase classname="backend.tests.backend_test_iter4.TestDevStats" name="test_dev_stats_projection_fields" time="0.006" /><testcase classname="backend.tests.backend_test_iter4.TestDevStats" name="test_dev_stats_requires_dev_role" time="0.003" /></testsuite></testsuites>