<?xml version="1.0" encoding="utf-8"?><testsuites name="pytest tests"><testsuite name="pytest" errors="0" failures="0" skipped="0" tests="17" time="1.842" timestamp="2026-05-11T15:15:18.870797+00:00" hostname="agent-env-5039d3fc-13e3-4165-8da7-f34ed675e3ee"><testcase classname="backend.tests.backend_test" name="test_health" time="0.194" /><testcase classname="backend.tests.backend_test" name="test_launch_mode" time="0.072" /><testcase classname="backend.tests.backend_test" name="test_waitlist_valid_idempotent" time="0.158" /><testcase classname="backend.tests.backend_test" name="test_waitlist_invalid_email" time="0.073" /><testcase classname="backend.tests.backend_test" name="test_projects_current_null" time="0.069" /><testcase classname="backend.tests.backend_test" name="test_projects_past_limit" time="0.070" /><testcase classname="backend.tests.backend_test" name="test_projects_list" time="0.063" /><testcase classname="backend.tests.backend_test" name="test_projects_nonexistent" time="0.064" /><testcase classname="backend.tests.backend_test" name="test_votes_current_null" time="0.094" /><testcase classname="backend.tests.backend_test" name="test_votes_submit_unauth" time="0.065" /><testcase classname="backend.tests.backend_test" name="test_account_sub_unauth" time="0.068" /><testcase classname="backend.tests.backend_test" name="test_substitutions_options_unauth" time="0.069" /><testcase classname="backend.tests.backend_test" name="test_gift_invalid" time="0.076" /><testcase classname="backend.tests.backend_test" name="test_faq" time="0.072" /><testcase classname="backend.tests.backend_test" name="test_admin_no_token" time="0.071" /><testcase classname="backend.tests.backend_test" name="test_admin_create_and_activate_project" time="0.366" /><testcase classname="backend.tests.backend_test" name="test_shopify_webhook_orders_paid" time="0.116" /></testsuite></testsuites>